0 info it worked if it ends with ok
1 verbose cli [ 'C:\\Program Files\\nodejs\\\\node.exe',
1 verbose cli   'C:\\Program Files\\nodejs\\node_modules\\npm\\bin\\npm-cli.js',
1 verbose cli   'install',
1 verbose cli   'mongoose',
1 verbose cli   '@4.0.1' ]
2 info using npm@1.4.28
3 info using node@v0.10.32
4 verbose node symlink C:\Program Files\nodejs\\node.exe
5 warn package.json ejercicios@1.0.0 No repository field.
6 warn package.json ejercicios@1.0.0 No README data
7 verbose readDependencies using package.json deps
8 verbose cache add [ 'mongoose@^3.9.7', null ]
9 verbose cache add name=undefined spec="mongoose@^3.9.7" args=["mongoose@^3.9.7",null]
10 verbose parsed url { protocol: null,
10 verbose parsed url   slashes: null,
10 verbose parsed url   auth: null,
10 verbose parsed url   host: null,
10 verbose parsed url   port: null,
10 verbose parsed url   hostname: null,
10 verbose parsed url   hash: null,
10 verbose parsed url   search: null,
10 verbose parsed url   query: null,
10 verbose parsed url   pathname: 'mongoose@^3.9.7',
10 verbose parsed url   path: 'mongoose@^3.9.7',
10 verbose parsed url   href: 'mongoose@^3.9.7' }
11 verbose cache add [ '@4.0.1', null ]
12 verbose cache add name=undefined spec="@4.0.1" args=["@4.0.1",null]
13 verbose parsed url { protocol: null,
13 verbose parsed url   slashes: null,
13 verbose parsed url   auth: null,
13 verbose parsed url   host: null,
13 verbose parsed url   port: null,
13 verbose parsed url   hostname: null,
13 verbose parsed url   hash: null,
13 verbose parsed url   search: null,
13 verbose parsed url   query: null,
13 verbose parsed url   pathname: '@4.0.1',
13 verbose parsed url   path: '@4.0.1',
13 verbose parsed url   href: '@4.0.1' }
14 verbose cache add name="mongoose" spec="^3.9.7" args=["mongoose","^3.9.7"]
15 verbose parsed url { protocol: null,
15 verbose parsed url   slashes: null,
15 verbose parsed url   auth: null,
15 verbose parsed url   host: null,
15 verbose parsed url   port: null,
15 verbose parsed url   hostname: null,
15 verbose parsed url   hash: null,
15 verbose parsed url   search: null,
15 verbose parsed url   query: null,
15 verbose parsed url   pathname: '^3.9.7',
15 verbose parsed url   path: '^3.9.7',
15 verbose parsed url   href: '^3.9.7' }
16 verbose addNamed [ 'mongoose', '^3.9.7' ]
17 verbose addNamed [ null, '>=3.9.7-0 <4.0.0-0' ]
18 verbose cache add name="" spec="4.0.1" args=["","4.0.1"]
19 verbose parsed url { protocol: null,
19 verbose parsed url   slashes: null,
19 verbose parsed url   auth: null,
19 verbose parsed url   host: null,
19 verbose parsed url   port: null,
19 verbose parsed url   hostname: null,
19 verbose parsed url   hash: null,
19 verbose parsed url   search: null,
19 verbose parsed url   query: null,
19 verbose parsed url   pathname: '4.0.1',
19 verbose parsed url   path: '4.0.1',
19 verbose parsed url   href: '4.0.1' }
20 silly lockFile ccb6949e-mongoose-3-9-7 mongoose@^3.9.7
21 verbose lock mongoose@^3.9.7 C:\Users\carloshumberto\AppData\Roaming\npm-cache\ccb6949e-mongoose-3-9-7.lock
22 silly lockFile 9a0a06f6-4-0-1 4.0.1
23 verbose lock 4.0.1 C:\Users\carloshumberto\AppData\Roaming\npm-cache\9a0a06f6-4-0-1.lock
24 silly addNameRange { name: 'mongoose', range: '>=3.9.7-0 <4.0.0-0', hasData: false }
25 silly lockFile 9a0a06f6-4-0-1 4.0.1
26 silly lockFile 9a0a06f6-4-0-1 4.0.1
27 verbose addNamed [ '4.0.1', '' ]
28 verbose addNamed [ null, '*' ]
29 silly lockFile 6994aaea-4-0-1 4.0.1@
30 verbose lock 4.0.1@ C:\Users\carloshumberto\AppData\Roaming\npm-cache\6994aaea-4-0-1.lock
31 verbose request where is /mongoose
32 verbose request registry https://registry.npmjs.org/
33 verbose request id 73ce1c2718bd4eaa
34 verbose url raw /mongoose
35 verbose url resolving [ 'https://registry.npmjs.org/', './mongoose' ]
36 verbose url resolved https://registry.npmjs.org/mongoose
37 verbose request where is https://registry.npmjs.org/mongoose
38 info trying registry request attempt 1 at 20:52:01
39 verbose etag "3DCOMP7LYVAYW8B6YJFCL5ZV5"
40 http GET https://registry.npmjs.org/mongoose
41 silly addNameRange { name: '4.0.1', range: '*', hasData: false }
42 verbose request where is /4.0.1
43 verbose request registry https://registry.npmjs.org/
44 verbose url raw /4.0.1
45 verbose url resolving [ 'https://registry.npmjs.org/', './4.0.1' ]
46 verbose url resolved https://registry.npmjs.org/4.0.1
47 verbose request where is https://registry.npmjs.org/4.0.1
48 info trying registry request attempt 1 at 20:52:01
49 http GET https://registry.npmjs.org/4.0.1
50 http 304 https://registry.npmjs.org/mongoose
51 silly registry.get cb [ 304,
51 silly registry.get   { date: 'Tue, 05 May 2015 01:52:03 GMT',
51 silly registry.get     via: '1.1 varnish',
51 silly registry.get     'last-modified': 'Tue, 05 May 2015 01:52:03 GMT',
51 silly registry.get     'cache-control': 'max-age=60',
51 silly registry.get     etag: '"3DCOMP7LYVAYW8B6YJFCL5ZV5"',
51 silly registry.get     age: '27',
51 silly registry.get     connection: 'keep-alive',
51 silly registry.get     'x-served-by': 'cache-iad2122-IAD',
51 silly registry.get     'x-cache': 'HIT',
51 silly registry.get     'x-cache-hits': '1',
51 silly registry.get     'x-timer': 'S1430790723.721799,VS0,VE1',
51 silly registry.get     vary: 'Accept' } ]
52 verbose etag https://registry.npmjs.org/mongoose from cache
53 http 404 https://registry.npmjs.org/4.0.1
54 verbose headers { server: 'CouchDB/1.5.0 (Erlang OTP/R16B03)',
54 verbose headers   'content-type': 'application/json',
54 verbose headers   'cache-control': 'max-age=0',
54 verbose headers   'content-length': '51',
54 verbose headers   'accept-ranges': 'bytes',
54 verbose headers   date: 'Tue, 05 May 2015 01:52:03 GMT',
54 verbose headers   via: '1.1 varnish',
54 verbose headers   age: '0',
54 verbose headers   connection: 'keep-alive',
54 verbose headers   'x-served-by': 'cache-iad2129-IAD',
54 verbose headers   'x-cache': 'MISS',
54 verbose headers   'x-cache-hits': '0',
54 verbose headers   'x-timer': 'S1430790723.696534,VS0,VE59' }
55 silly registry.get cb [ 404,
55 silly registry.get   { server: 'CouchDB/1.5.0 (Erlang OTP/R16B03)',
55 silly registry.get     'content-type': 'application/json',
55 silly registry.get     'cache-control': 'max-age=0',
55 silly registry.get     'content-length': '51',
55 silly registry.get     'accept-ranges': 'bytes',
55 silly registry.get     date: 'Tue, 05 May 2015 01:52:03 GMT',
55 silly registry.get     via: '1.1 varnish',
55 silly registry.get     age: '0',
55 silly registry.get     connection: 'keep-alive',
55 silly registry.get     'x-served-by': 'cache-iad2129-IAD',
55 silly registry.get     'x-cache': 'MISS',
55 silly registry.get     'x-cache-hits': '0',
55 silly registry.get     'x-timer': 'S1430790723.696534,VS0,VE59' } ]
56 silly lockFile 6994aaea-4-0-1 4.0.1@
57 silly lockFile 6994aaea-4-0-1 4.0.1@
58 silly addNameRange number 2 { name: 'mongoose', range: '>=3.9.7-0 <4.0.0-0', hasData: true }
59 silly addNameRange versions [ 'mongoose',
59 silly addNameRange   [ '0.0.1',
59 silly addNameRange     '0.0.2',
59 silly addNameRange     '0.0.3',
59 silly addNameRange     '0.0.4',
59 silly addNameRange     '0.0.5',
59 silly addNameRange     '1.0.0',
59 silly addNameRange     '1.0.1',
59 silly addNameRange     '1.0.2',
59 silly addNameRange     '0.0.6',
59 silly addNameRange     '1.0.3',
59 silly addNameRange     '1.0.4',
59 silly addNameRange     '1.0.5',
59 silly addNameRange     '1.0.6',
59 silly addNameRange     '1.0.7',
59 silly addNameRange     '1.0.8',
59 silly addNameRange     '1.0.10',
59 silly addNameRange     '1.0.11',
59 silly addNameRange     '1.0.12',
59 silly addNameRange     '1.0.13',
59 silly addNameRange     '1.0.14',
59 silly addNameRange     '1.0.15',
59 silly addNameRange     '1.0.16',
59 silly addNameRange     '1.1.0',
59 silly addNameRange     '1.1.1',
59 silly addNameRange     '1.1.2',
59 silly addNameRange     '1.1.3',
59 silly addNameRange     '1.1.4',
59 silly addNameRange     '1.1.5',
59 silly addNameRange     '1.1.6',
59 silly addNameRange     '1.1.7',
59 silly addNameRange     '1.1.8',
59 silly addNameRange     '1.1.9',
59 silly addNameRange     '1.1.10',
59 silly addNameRange     '1.1.11',
59 silly addNameRange     '1.1.12',
59 silly addNameRange     '1.1.13',
59 silly addNameRange     '1.1.14',
59 silly addNameRange     '1.1.15',
59 silly addNameRange     '1.1.16',
59 silly addNameRange     '1.1.17',
59 silly addNameRange     '1.1.18',
59 silly addNameRange     '1.1.19',
59 silly addNameRange     '1.1.20',
59 silly addNameRange     '1.1.21',
59 silly addNameRange     '1.1.22',
59 silly addNameRange     '1.1.23',
59 silly addNameRange     '1.1.24',
59 silly addNameRange     '1.1.25',
59 silly addNameRange     '1.2.0',
59 silly addNameRange     '1.3.0',
59 silly addNameRange     '1.3.1',
59 silly addNameRange     '1.3.2',
59 silly addNameRange     '1.3.3',
59 silly addNameRange     '1.3.4',
59 silly addNameRange     '1.3.5',
59 silly addNameRange     '1.3.6',
59 silly addNameRange     '1.3.7',
59 silly addNameRange     '1.4.0',
59 silly addNameRange     '1.5.0',
59 silly addNameRange     '1.6.0',
59 silly addNameRange     '1.7.2',
59 silly addNameRange     '1.7.3',
59 silly addNameRange     '1.7.4',
59 silly addNameRange     '1.8.0',
59 silly addNameRange     '1.8.1',
59 silly addNameRange     '1.8.2',
59 silly addNameRange     '1.8.3',
59 silly addNameRange     '1.8.4',
59 silly addNameRange     '2.0.0',
59 silly addNameRange     '2.0.1',
59 silly addNameRange     '2.0.2',
59 silly addNameRange     '2.0.3',
59 silly addNameRange     '2.0.4',
59 silly addNameRange     '2.1.0',
59 silly addNameRange     '2.1.1',
59 silly addNameRange     '2.1.2',
59 silly addNameRange     '2.1.3',
59 silly addNameRange     '2.1.4',
59 silly addNameRange     '2.2.0',
59 silly addNameRange     '2.2.1',
59 silly addNameRange     '2.2.2',
59 silly addNameRange     '2.2.3',
59 silly addNameRange     '2.2.4',
59 silly addNameRange     '2.3.0',
59 silly addNameRange     '2.3.1',
59 silly addNameRange     '2.3.2',
59 silly addNameRange     '2.3.3',
59 silly addNameRange     '2.3.4',
59 silly addNameRange     '2.3.5',
59 silly addNameRange     '2.3.6',
59 silly addNameRange     '2.3.7',
59 silly addNameRange     '2.3.8',
59 silly addNameRange     '2.3.9',
59 silly addNameRange     '2.3.10',
59 silly addNameRange     '2.3.11',
59 silly addNameRange     '2.3.12',
59 silly addNameRange     '2.3.13',
59 silly addNameRange     '2.4.0',
59 silly addNameRange     '2.4.1',
59 silly addNameRange     '2.4.2',
59 silly addNameRange     '2.4.3',
59 silly addNameRange     '2.4.4',
59 silly addNameRange     '2.4.5',
59 silly addNameRange     '2.4.6',
59 silly addNameRange     '2.4.7',
59 silly addNameRange     '2.4.8',
59 silly addNameRange     '2.4.9',
59 silly addNameRange     '2.4.10',
59 silly addNameRange     '2.5.0',
59 silly addNameRange     '2.5.1',
59 silly addNameRange     '2.5.2',
59 silly addNameRange     '2.5.3',
59 silly addNameRange     '2.5.4',
59 silly addNameRange     '2.5.5',
59 silly addNameRange     '2.5.6',
59 silly addNameRange     '2.5.7',
59 silly addNameRange     '2.5.8',
59 silly addNameRange     '2.5.9',
59 silly addNameRange     '2.5.10',
59 silly addNameRange     '2.5.11',
59 silly addNameRange     '2.5.12',
59 silly addNameRange     '2.5.13',
59 silly addNameRange     '2.5.14',
59 silly addNameRange     '2.6.0',
59 silly addNameRange     '2.6.1',
59 silly addNameRange     '2.6.2',
59 silly addNameRange     '2.6.3',
59 silly addNameRange     '2.6.4',
59 silly addNameRange     '2.6.5',
59 silly addNameRange     '2.6.6',
59 silly addNameRange     '2.6.7',
59 silly addNameRange     '2.6.8',
59 silly addNameRange     '2.7.0',
59 silly addNameRange     '2.7.1',
59 silly addNameRange     '2.7.2',
59 silly addNameRange     '2.7.4',
59 silly addNameRange     '2.7.3',
59 silly addNameRange     '3.0.0',
59 silly addNameRange     '3.0.1',
59 silly addNameRange     '3.0.2',
59 silly addNameRange     '2.8.0',
59 silly addNameRange     '3.0.3',
59 silly addNameRange     '3.1.0',
59 silly addNameRange     '2.8.1',
59 silly addNameRange     '3.1.1',
59 silly addNameRange     '2.8.2',
59 silly addNameRange     '2.8.3',
59 silly addNameRange     '2.9.0',
59 silly addNameRange     '3.2.0',
59 silly addNameRange     '2.9.1',
59 silly addNameRange     '3.2.1',
59 silly addNameRange     '2.9.2',
59 silly addNameRange     '3.2.2',
59 silly addNameRange     '3.3.0',
59 silly addNameRange     '3.3.1',
59 silly addNameRange     '2.9.3',
59 silly addNameRange     '3.4.0',
59 silly addNameRange     '2.9.4',
59 silly addNameRange     '2.9.5',
59 silly addNameRange     '3.5.0',
59 silly addNameRange     '3.5.1',
59 silly addNameRange     '3.5.2',
59 silly addNameRange     '3.5.3',
59 silly addNameRange     '2.9.6',
59 silly addNameRange     '2.9.7',
59 silly addNameRange     '3.5.4',
59 silly addNameRange     '3.5.5',
59 silly addNameRange     '2.9.8',
59 silly addNameRange     '2.9.9',
59 silly addNameRange     '3.5.6',
59 silly addNameRange     '3.5.7',
59 silly addNameRange     '3.5.8',
59 silly addNameRange     '2.9.10',
59 silly addNameRange     '3.5.9',
59 silly addNameRange     '3.6.2',
59 silly addNameRange     '3.5.10',
59 silly addNameRange     '3.6.3',
59 silly addNameRange     '3.5.11',
59 silly addNameRange     '3.6.4',
59 silly addNameRange     '3.6.5',
59 silly addNameRange     '3.6.6',
59 silly addNameRange     '3.6.7',
59 silly addNameRange     '3.5.12',
59 silly addNameRange     '3.6.8',
59 silly addNameRange     '3.6.9',
59 silly addNameRange     '3.6.10',
59 silly addNameRange     '3.5.13',
59 silly addNameRange     '3.5.14',
59 silly addNameRange     '3.6.11',
59 silly addNameRange     '3.6.12',
59 silly addNameRange     '3.6.13',
59 silly addNameRange     '3.6.14',
59 silly addNameRange     '3.6.15',
59 silly addNameRange     '3.5.15',
59 silly addNameRange     '3.7.0',
59 silly addNameRange     '3.6.16',
59 silly addNameRange     '3.5.16',
59 silly addNameRange     '3.6.17',
59 silly addNameRange     '3.7.2',
59 silly addNameRange     '3.0.0-alpha1',
59 silly addNameRange     '3.0.0-alpha2',
59 silly addNameRange     '3.0.0-rc0',
59 silly addNameRange     '3.6.0-rc0',
59 silly addNameRange     '3.6.0-rc1',
59 silly addNameRange     '3.6.18',
59 silly addNameRange     '3.7.3',
59 silly addNameRange     '3.6.19',
59 silly addNameRange     '3.6.20',
59 silly addNameRange     '3.7.4',
59 silly addNameRange     '3.8.0',
59 silly addNameRange     '3.8.1',
59 silly addNameRange     '3.8.2',
59 silly addNameRange     '3.8.3',
59 silly addNameRange     '3.8.4',
59 silly addNameRange     '3.8.5',
59 silly addNameRange     '3.8.6',
59 silly addNameRange     '3.8.7',
59 silly addNameRange     '3.8.8',
59 silly addNameRange     '3.8.9',
59 silly addNameRange     '3.8.10',
59 silly addNameRange     '3.8.11',
59 silly addNameRange     '3.9.0',
59 silly addNameRange     '3.8.12',
59 silly addNameRange     '3.8.13',
59 silly addNameRange     '3.8.14',
59 silly addNameRange     '3.8.15',
59 silly addNameRange     '3.9.1',
59 silly addNameRange     '3.8.16',
59 silly addNameRange     '3.9.2',
59 silly addNameRange     '3.8.17',
59 silly addNameRange     '3.9.3',
59 silly addNameRange     '3.8.18',
59 silly addNameRange     '3.9.4',
59 silly addNameRange     '3.8.19',
59 silly addNameRange     '3.9.5',
59 silly addNameRange     '3.8.20',
59 silly addNameRange     '3.9.6',
59 silly addNameRange     '3.8.21',
59 silly addNameRange     '3.9.7',
59 silly addNameRange     '3.8.22',
59 silly addNameRange     '4.0.0-rc0',
59 silly addNameRange     '4.0.0-rc1',
59 silly addNameRange     '3.8.23',
59 silly addNameRange     '4.0.0-rc2',
59 silly addNameRange     '3.8.24',
59 silly addNameRange     '4.0.0-rc3',
59 silly addNameRange     '3.8.25',
59 silly addNameRange     '4.0.0-rc4',
59 silly addNameRange     '4.0.0',
59 silly addNameRange     '4.0.1',
59 silly addNameRange     '3.8.26',
59 silly addNameRange     '3.8.27',
59 silly addNameRange     '4.0.2' ] ]
60 verbose addNamed [ 'mongoose', '3.9.7' ]
61 verbose addNamed [ '3.9.7', '3.9.7' ]
62 silly lockFile ec59f034-mongoose-3-9-7 mongoose@3.9.7
63 verbose lock mongoose@3.9.7 C:\Users\carloshumberto\AppData\Roaming\npm-cache\ec59f034-mongoose-3-9-7.lock
64 silly lockFile ec59f034-mongoose-3-9-7 mongoose@3.9.7
65 silly lockFile ec59f034-mongoose-3-9-7 mongoose@3.9.7
66 silly lockFile ccb6949e-mongoose-3-9-7 mongoose@^3.9.7
67 silly lockFile ccb6949e-mongoose-3-9-7 mongoose@^3.9.7
68 error 404 404 Not Found: 4.0.1
68 error 404
68 error 404 '4.0.1' is not in the npm registry.
68 error 404 You should bug the author to publish it
68 error 404 It was specified as a dependency of 'ejercicios'
68 error 404
68 error 404 Note that you can also install from a
68 error 404 tarball, folder, or http url, or git url.
69 error System Windows_NT 6.2.9200
70 error command "C:\\Program Files\\nodejs\\\\node.exe" "C:\\Program Files\\nodejs\\node_modules\\npm\\bin\\npm-cli.js" "install" "mongoose" "@4.0.1"
71 error cwd E:\Mis Documentos\NEXT University\NodeJS\Curso 1\Unidad 3\Leccion 5\ejercicios
72 error node -v v0.10.32
73 error npm -v 1.4.28
74 error code E404
75 verbose exit [ 1, true ]
